2017-11-22 17:55:53.260 INFO  (main) [   ] o.e.j.s.Server jetty-9.3.20.v20170531
2017-11-22 17:55:54.211 INFO  (main) [   ] o.a.s.s.SolrDispatchFilter  ___      _       Welcome to Apache Solr™ version 7.1.0
2017-11-22 17:55:54.211 INFO  (main) [   ] o.a.s.s.SolrDispatchFilter / __| ___| |_ _   Starting in standalone mode on port 8983
2017-11-22 17:55:54.211 INFO  (main) [   ] o.a.s.s.SolrDispatchFilter \__ \/ _ \ | '_|  Install dir: C:\solr-7.1.0, Default config dir: C:\solr-7.1.0\server\solr\configsets\_default\conf
2017-11-22 17:55:54.256 INFO  (main) [   ] o.a.s.s.SolrDispatchFilter |___/\___/_|_|    Start time: 2017-11-22T17:55:54.212Z
2017-11-22 17:55:54.258 INFO  (main) [   ] o.a.s.u.StartupLoggingUtils Property solr.log.muteconsole given. Muting ConsoleAppender named CONSOLE
2017-11-22 17:55:54.415 INFO  (main) [   ] o.a.s.c.SolrResourceLoader Using system property solr.solr.home: C:\solr-7.1.0\server\solr
2017-11-22 17:55:54.441 INFO  (main) [   ] o.a.s.c.SolrXmlConfig Loading container configuration from C:\solr-7.1.0\server\solr\solr.xml
2017-11-22 17:56:01.104 INFO  (main) [   ] o.a.s.c.CorePropertiesLocator Found 1 core definitions underneath C:\solr-7.1.0\server\solr
2017-11-22 17:56:01.113 INFO  (main) [   ] o.a.s.c.CorePropertiesLocator Cores are: [test]
2017-11-22 17:56:01.119 INFO  (coreLoadExecutor-6-thread-1) [   ] o.a.s.c.TransientSolrCoreCacheDefault Allocating transient cache for 2147483647 transient cores
2017-11-22 17:56:01.449 INFO  (coreLoadExecutor-6-thread-1) [   x:test] o.a.s.c.SolrResourceLoader [test] Added 53 libs to classloader, from paths: [/C:/solr-7.1.0/contrib/clustering/lib, /C:/solr-7.1.0/contrib/extraction/lib, /C:/solr-7.1.0/contrib/langid/lib, /C:/solr-7.1.0/contrib/velocity/lib, /C:/solr-7.1.0/dist]
2017-11-22 17:56:04.311 INFO  (main) [   ] o.e.j.s.Server Started @15586ms
2017-11-22 17:56:04.766 INFO  (qtp23763282-21) [   ] o.a.s.s.HttpSolrCall [admin] webapp=null path=/admin/info/system params={wt=json} status=0 QTime=249
2017-11-22 17:56:04.860 INFO  (coreLoadExecutor-6-thread-1) [   x:test] o.a.s.c.SolrConfig Using Lucene MatchVersion: 7.1.0
2017-11-22 17:56:05.169 INFO  (coreLoadExecutor-6-thread-1) [   x:test] o.a.s.s.IndexSchema [test] Schema name=default-config
2017-11-22 17:56:06.297 INFO  (coreLoadExecutor-6-thread-1) [   x:test] o.a.s.s.IndexSchema Loaded schema default-config/1.6 with uniqueid field id
2017-11-22 17:56:06.363 INFO  (coreLoadExecutor-6-thread-1) [   x:test] o.a.s.c.CoreContainer Creating SolrCore 'test' using configuration from instancedir C:\solr-7.1.0\server\solr\test, trusted=true
2017-11-22 17:56:06.483 INFO  (coreLoadExecutor-6-thread-1) [   x:test] o.a.s.c.SolrCore solr.RecoveryStrategy.Builder
2017-11-22 17:56:06.509 INFO  (coreLoadExecutor-6-thread-1) [   x:test] o.a.s.c.SolrCore [[test] ] Opening new SolrCore at [C:\solr-7.1.0\server\solr\test], dataDir=[C:\solr-7.1.0\server\solr\test\data\]
2017-11-22 17:56:06.596 INFO  (coreLoadExecutor-6-thread-1) [   x:test] o.a.s.r.XSLTResponseWriter xsltCacheLifetimeSeconds=5
2017-11-22 17:56:11.849 INFO  (coreLoadExecutor-6-thread-1) [   x:test] o.a.s.u.UpdateHandler Using UpdateLog implementation: org.apache.solr.update.UpdateLog
2017-11-22 17:56:11.850 INFO  (coreLoadExecutor-6-thread-1) [   x:test] o.a.s.u.UpdateLog Initializing UpdateLog: dataDir= defaultSyncLevel=FLUSH numRecordsToKeep=100 maxNumLogsToKeep=10 numVersionBuckets=65536
2017-11-22 17:56:11.892 INFO  (coreLoadExecutor-6-thread-1) [   x:test] o.a.s.u.CommitTracker Hard AutoCommit: if uncommited for 15000ms; 
2017-11-22 17:56:11.892 INFO  (coreLoadExecutor-6-thread-1) [   x:test] o.a.s.u.CommitTracker Soft AutoCommit: disabled
2017-11-22 17:56:12.406 INFO  (coreLoadExecutor-6-thread-1) [   x:test] o.a.s.s.SolrIndexSearcher Opening [Searcher@62880[test] main]
2017-11-22 17:56:12.458 INFO  (coreLoadExecutor-6-thread-1) [   x:test] o.a.s.r.ManagedResourceStorage File-based storage initialized to use dir: C:\solr-7.1.0\server\solr\test\conf
2017-11-22 17:56:12.492 INFO  (coreLoadExecutor-6-thread-1) [   x:test] o.a.s.h.c.SpellCheckComponent Initializing spell checkers
2017-11-22 17:56:12.500 INFO  (coreLoadExecutor-6-thread-1) [   x:test] o.a.s.s.DirectSolrSpellChecker init: {name=default,field=_text_,classname=solr.DirectSolrSpellChecker,distanceMeasure=internal,accuracy=0.5,maxEdits=2,minPrefix=1,maxInspections=5,minQueryLength=4,maxQueryFrequency=0.01}
2017-11-22 17:56:12.514 INFO  (coreLoadExecutor-6-thread-1) [   x:test] o.a.s.h.ReplicationHandler Commits will be reserved for 10000ms.
2017-11-22 17:56:12.687 INFO  (searcherExecutor-7-thread-1-processing-x:test) [   x:test] o.a.s.c.QuerySenderListener QuerySenderListener sending requests to Searcher@62880[test] main{ExitableDirectoryReader(UninvertingDirectoryReader(Uninverting(_z(7.1.0):C20) Uninverting(_10(7.1.0):C1) Uninverting(_11(7.1.0):C1) Uninverting(_12(7.1.0):C1) Uninverting(_13(7.1.0):C1) Uninverting(_14(7.1.0):C1)))}
2017-11-22 17:56:12.688 INFO  (searcherExecutor-7-thread-1-processing-x:test) [   x:test] o.a.s.c.QuerySenderListener QuerySenderListener done.
2017-11-22 17:56:12.688 INFO  (searcherExecutor-7-thread-1-processing-x:test) [   x:test] o.a.s.h.c.SpellCheckComponent Loading spell index for spellchecker: default
2017-11-22 17:56:12.691 INFO  (searcherExecutor-7-thread-1-processing-x:test) [   x:test] o.a.s.c.SolrCore [test] Registered new searcher Searcher@62880[test] main{ExitableDirectoryReader(UninvertingDirectoryReader(Uninverting(_z(7.1.0):C20) Uninverting(_10(7.1.0):C1) Uninverting(_11(7.1.0):C1) Uninverting(_12(7.1.0):C1) Uninverting(_13(7.1.0):C1) Uninverting(_14(7.1.0):C1)))}
2017-11-22 17:56:40.860 INFO  (qtp23763282-17) [   x:test] o.a.s.c.PluginBag Going to create a new requestHandler with {type = requestHandler,name = /update/extract,class = solr.extraction.ExtractingRequestHandler,attributes = {startup=lazy, name=/update/extract, class=solr.extraction.ExtractingRequestHandler},args = {defaults={lowernames=true,fmap.meta=ignored_,fmap.content=_text_,df=_text_}}} 
2017-11-22 17:56:42.863 WARN  (qtp23763282-17) [   x:test] o.a.p.p.f.PDType0Font No Unicode mapping for CID+57 (57) in font CHDPBN+Wingdings
2017-11-22 17:56:42.865 WARN  (qtp23763282-17) [   x:test] o.a.p.p.f.PDType0Font No Unicode mapping for CID+56 (56) in font CHDPBN+Wingdings
2017-11-22 17:56:43.399 INFO  (qtp23763282-17) [   x:test] o.a.s.u.DirectUpdateHandler2 start commit{_version_=1584789877842509824,optimize=false,openSearcher=true,waitSearcher=true,expungeDeletes=false,softCommit=false,prepareCommit=false}
2017-11-22 17:56:43.400 INFO  (qtp23763282-17) [   x:test] o.a.s.u.SolrIndexWriter Calling setCommitData with IW:org.apache.solr.update.SolrIndexWriter@577078 commitCommandVersion:1584789877842509824
2017-11-22 17:56:43.986 INFO  (qtp23763282-17) [   x:test] o.a.s.s.SolrIndexSearcher Opening [Searcher@9f459b[test] main]
2017-11-22 17:56:43.992 INFO  (qtp23763282-17) [   x:test] o.a.s.u.DirectUpdateHandler2 end_commit_flush
2017-11-22 17:56:44.004 INFO  (searcherExecutor-7-thread-1-processing-x:test) [   x:test] o.a.s.c.QuerySenderListener QuerySenderListener sending requests to Searcher@9f459b[test] main{ExitableDirectoryReader(UninvertingDirectoryReader(Uninverting(_z(7.1.0):C20) Uninverting(_10(7.1.0):C1) Uninverting(_11(7.1.0):C1) Uninverting(_12(7.1.0):C1) Uninverting(_13(7.1.0):C1) Uninverting(_14(7.1.0):C1) Uninverting(_15(7.1.0):C1)))}
2017-11-22 17:56:44.004 INFO  (searcherExecutor-7-thread-1-processing-x:test) [   x:test] o.a.s.c.QuerySenderListener QuerySenderListener done.
2017-11-22 17:56:44.005 INFO  (searcherExecutor-7-thread-1-processing-x:test) [   x:test] o.a.s.c.SolrCore [test] Registered new searcher Searcher@9f459b[test] main{ExitableDirectoryReader(UninvertingDirectoryReader(Uninverting(_z(7.1.0):C20) Uninverting(_10(7.1.0):C1) Uninverting(_11(7.1.0):C1) Uninverting(_12(7.1.0):C1) Uninverting(_13(7.1.0):C1) Uninverting(_14(7.1.0):C1) Uninverting(_15(7.1.0):C1)))}
2017-11-22 17:56:44.005 INFO  (qtp23763282-17) [   x:test] o.a.s.u.p.LogUpdateProcessorFactory [test]  webapp=/solr path=/update/extract params={literal._id=Band.pdf&commit=true}{add=[53426cc2-abf3-4574-a490-e3e25b404810 (1584789877648523264)],commit=} 0 3145
2017-11-22 17:57:02.361 WARN  (qtp23763282-13) [   x:test] o.a.p.p.f.PDType0Font No Unicode mapping for CID+57 (57) in font CHDPBN+Wingdings
2017-11-22 17:57:02.365 WARN  (qtp23763282-13) [   x:test] o.a.p.p.f.PDType0Font No Unicode mapping for CID+56 (56) in font CHDPBN+Wingdings
2017-11-22 17:57:02.474 INFO  (qtp23763282-13) [   x:test] o.a.s.u.DirectUpdateHandler2 start commit{_version_=1584789897844097024,optimize=false,openSearcher=true,waitSearcher=true,expungeDeletes=false,softCommit=false,prepareCommit=false}
2017-11-22 17:57:02.475 INFO  (qtp23763282-13) [   x:test] o.a.s.u.SolrIndexWriter Calling setCommitData with IW:org.apache.solr.update.SolrIndexWriter@577078 commitCommandVersion:1584789897844097024
2017-11-22 17:57:03.069 INFO  (qtp23763282-13) [   x:test] o.a.s.s.SolrIndexSearcher Opening [Searcher@1a87185[test] main]
2017-11-22 17:57:03.072 INFO  (searcherExecutor-7-thread-1-processing-x:test) [   x:test] o.a.s.c.QuerySenderListener QuerySenderListener sending requests to Searcher@1a87185[test] main{ExitableDirectoryReader(UninvertingDirectoryReader(Uninverting(_z(7.1.0):C20) Uninverting(_10(7.1.0):C1) Uninverting(_11(7.1.0):C1) Uninverting(_12(7.1.0):C1) Uninverting(_13(7.1.0):C1) Uninverting(_14(7.1.0):C1) Uninverting(_15(7.1.0):C1) Uninverting(_16(7.1.0):C1)))}
2017-11-22 17:57:03.073 INFO  (qtp23763282-13) [   x:test] o.a.s.u.DirectUpdateHandler2 end_commit_flush
2017-11-22 17:57:03.074 INFO  (searcherExecutor-7-thread-1-processing-x:test) [   x:test] o.a.s.c.QuerySenderListener QuerySenderListener done.
2017-11-22 17:57:03.075 INFO  (searcherExecutor-7-thread-1-processing-x:test) [   x:test] o.a.s.c.SolrCore [test] Registered new searcher Searcher@1a87185[test] main{ExitableDirectoryReader(UninvertingDirectoryReader(Uninverting(_z(7.1.0):C20) Uninverting(_10(7.1.0):C1) Uninverting(_11(7.1.0):C1) Uninverting(_12(7.1.0):C1) Uninverting(_13(7.1.0):C1) Uninverting(_14(7.1.0):C1) Uninverting(_15(7.1.0):C1) Uninverting(_16(7.1.0):C1)))}
2017-11-22 17:57:03.076 INFO  (qtp23763282-13) [   x:test] o.a.s.u.p.LogUpdateProcessorFactory [test]  webapp=/solr path=/update/extract params={literal._id=Band.pdf&commit=true}{add=[3bc60bd1-99bd-488f-80df-e888156f5172 (1584789897810542592)],commit=} 0 959
2017-11-22 18:41:24.403 WARN  (qtp23763282-18) [   x:test] o.a.p.p.f.PDType0Font No Unicode mapping for CID+57 (57) in font CHDPBN+Wingdings
2017-11-22 18:41:24.405 WARN  (qtp23763282-18) [   x:test] o.a.p.p.f.PDType0Font No Unicode mapping for CID+56 (56) in font CHDPBN+Wingdings
2017-11-22 18:41:24.568 INFO  (qtp23763282-18) [   x:test] o.a.s.u.DirectUpdateHandler2 start commit{_version_=1584792689251975168,optimize=false,openSearcher=true,waitSearcher=true,expungeDeletes=false,softCommit=false,prepareCommit=false}
2017-11-22 18:41:24.574 INFO  (qtp23763282-18) [   x:test] o.a.s.u.SolrIndexWriter Calling setCommitData with IW:org.apache.solr.update.SolrIndexWriter@577078 commitCommandVersion:1584792689251975168
2017-11-22 18:41:31.385 INFO  (qtp23763282-18) [   x:test] o.a.s.s.SolrIndexSearcher Opening [Searcher@6600a4[test] main]
2017-11-22 18:41:31.387 INFO  (searcherExecutor-7-thread-1-processing-x:test) [   x:test] o.a.s.c.QuerySenderListener QuerySenderListener sending requests to Searcher@6600a4[test] main{ExitableDirectoryReader(UninvertingDirectoryReader(Uninverting(_z(7.1.0):C20) Uninverting(_10(7.1.0):C1) Uninverting(_11(7.1.0):C1) Uninverting(_12(7.1.0):C1) Uninverting(_13(7.1.0):C1) Uninverting(_14(7.1.0):C1) Uninverting(_15(7.1.0):C1) Uninverting(_16(7.1.0):C1) Uninverting(_17(7.1.0):C1)))}
2017-11-22 18:41:31.387 INFO  (searcherExecutor-7-thread-1-processing-x:test) [   x:test] o.a.s.c.QuerySenderListener QuerySenderListener done.
2017-11-22 18:41:31.388 INFO  (searcherExecutor-7-thread-1-processing-x:test) [   x:test] o.a.s.c.SolrCore [test] Registered new searcher Searcher@6600a4[test] main{ExitableDirectoryReader(UninvertingDirectoryReader(Uninverting(_z(7.1.0):C20) Uninverting(_10(7.1.0):C1) Uninverting(_11(7.1.0):C1) Uninverting(_12(7.1.0):C1) Uninverting(_13(7.1.0):C1) Uninverting(_14(7.1.0):C1) Uninverting(_15(7.1.0):C1) Uninverting(_16(7.1.0):C1) Uninverting(_17(7.1.0):C1)))}
2017-11-22 18:41:31.390 INFO  (qtp23763282-18) [   x:test] o.a.s.u.DirectUpdateHandler2 end_commit_flush
2017-11-22 18:41:31.390 INFO  (qtp23763282-18) [   x:test] o.a.s.u.p.LogUpdateProcessorFactory [test]  webapp=/solr path=/update/extract params={literal._id=Band.pdf&commit=true}{add=[8ea302c9-8e93-40d4-92dd-3dfd7ec89bc7 (1584792689177526272)],commit=} 0 7551
2017-11-22 18:42:52.480 WARN  (qtp23763282-19) [   x:test] o.a.p.p.f.PDType0Font No Unicode mapping for CID+57 (57) in font CHDPBN+Wingdings
2017-11-22 18:42:52.481 WARN  (qtp23763282-19) [   x:test] o.a.p.p.f.PDType0Font No Unicode mapping for CID+56 (56) in font CHDPBN+Wingdings
2017-11-22 18:42:52.581 INFO  (qtp23763282-19) [   x:test] o.a.s.u.DirectUpdateHandler2 start commit{_version_=1584792781540294656,optimize=false,openSearcher=true,waitSearcher=true,expungeDeletes=false,softCommit=false,prepareCommit=false}
2017-11-22 18:42:52.581 INFO  (qtp23763282-19) [   x:test] o.a.s.u.SolrIndexWriter Calling setCommitData with IW:org.apache.solr.update.SolrIndexWriter@577078 commitCommandVersion:1584792781540294656
2017-11-22 18:42:53.665 INFO  (qtp23763282-19) [   x:test] o.a.s.s.SolrIndexSearcher Opening [Searcher@1b7e25f[test] main]
2017-11-22 18:42:53.666 INFO  (searcherExecutor-7-thread-1-processing-x:test) [   x:test] o.a.s.c.QuerySenderListener QuerySenderListener sending requests to Searcher@1b7e25f[test] main{ExitableDirectoryReader(UninvertingDirectoryReader(Uninverting(_z(7.1.0):C20) Uninverting(_10(7.1.0):C1) Uninverting(_11(7.1.0):C1) Uninverting(_12(7.1.0):C1) Uninverting(_13(7.1.0):C1) Uninverting(_14(7.1.0):C1) Uninverting(_15(7.1.0):C1) Uninverting(_16(7.1.0):C1) Uninverting(_17(7.1.0):C1) Uninverting(_18(7.1.0):C1)))}
2017-11-22 18:42:53.666 INFO  (searcherExecutor-7-thread-1-processing-x:test) [   x:test] o.a.s.c.QuerySenderListener QuerySenderListener done.
2017-11-22 18:42:53.667 INFO  (searcherExecutor-7-thread-1-processing-x:test) [   x:test] o.a.s.c.SolrCore [test] Registered new searcher Searcher@1b7e25f[test] main{ExitableDirectoryReader(UninvertingDirectoryReader(Uninverting(_z(7.1.0):C20) Uninverting(_10(7.1.0):C1) Uninverting(_11(7.1.0):C1) Uninverting(_12(7.1.0):C1) Uninverting(_13(7.1.0):C1) Uninverting(_14(7.1.0):C1) Uninverting(_15(7.1.0):C1) Uninverting(_16(7.1.0):C1) Uninverting(_17(7.1.0):C1) Uninverting(_18(7.1.0):C1)))}
2017-11-22 18:42:53.669 INFO  (qtp23763282-19) [   x:test] o.a.s.u.DirectUpdateHandler2 end_commit_flush
2017-11-22 18:42:53.669 INFO  (qtp23763282-19) [   x:test] o.a.s.u.p.LogUpdateProcessorFactory [test]  webapp=/solr path=/update/extract params={literal._id=Band.pdf&commit=true}{add=[b0a2d56e-6dde-47aa-903f-418e14cbf491 (1584792781522468864)],commit=} 0 1352
